<?xml version="1.0" encoding="UTF-8"?>
<testng-results skipped="0" failed="0" total="1" passed="1">
  <reporter-output>
  </reporter-output>
  <suite name="Default suite" duration-ms="10367" started-at="2017-02-18T21:16:55Z" finished-at="2017-02-18T21:17:05Z">
    <groups>
    </groups>
    <test name="Default test" duration-ms="10367" started-at="2017-02-18T21:16:55Z" finished-at="2017-02-18T21:17:05Z">
      <class name="com.sqa.gy.jqueryActions.JQSortableTest">
        <test-method status="PASS" signature="setUpChrome()[pri:0, instance:com.sqa.gy.jqueryActions.JQSortableTest@65f19540]" name="setUpChrome" is-config="true" duration-ms="4709" started-at="2017-02-18T13:16:55Z" finished-at="2017-02-18T13:17:00Z">
          <reporter-output>
          </reporter-output>
        </test-method> <!-- setUpChrome -->
        <test-method status="PASS" signature="testSortable()[pri:0, instance:com.sqa.gy.jqueryActions.JQSortableTest@65f19540]" name="testSortable" duration-ms="5525" started-at="2017-02-18T13:17:00Z" finished-at="2017-02-18T13:17:05Z">
          <reporter-output>
          </reporter-output>
        </test-method> <!-- testSortable -->
        <test-method status="PASS" signature="tearDown()[pri:0, instance:com.sqa.gy.jqueryActions.JQSortableTest@65f19540]" name="tearDown" is-config="true" duration-ms="114" started-at="2017-02-18T13:17:05Z" finished-at="2017-02-18T13:17:05Z">
          <reporter-output>
          </reporter-output>
        </test-method> <!-- tearDown -->
      </class> <!-- com.sqa.gy.jqueryActions.JQSortableTest -->
    </test> <!-- Default test -->
  </suite> <!-- Default suite -->
</testng-results>
